# JRE version: OpenJDK Runtime Environment (8.0_112-b06) (build 1.8.0_112-release-b06)
# Java VM: OpenJDK 64-Bit Server VM (25.112-b06 mixed mode windows-amd64 compressed oops)
Heap:
 PSYoungGen      total 136704K, used 91241K [0x00000000e0000000, 0x00000000eaf80000, 0x0000000100000000)
  eden space 121344K, 62% used [0x00000000e0000000,0x00000000e4a664d0,0x00000000e7680000)
  from space 15360K, 98% used [0x00000000e7680000,0x00000000e85342a8,0x00000000e8580000)
  to   space 18944K, 0% used [0x00000000e9d00000,0x00000000e9d00000,0x00000000eaf80000)
 ParOldGen       total 151040K, used 25468K [0x00000000a0000000, 0x00000000a9380000, 0x00000000e0000000)
  object space 151040K, 16% used [0x00000000a0000000,0x00000000a18df3d0,0x00000000a9380000)
 Metaspace       used 53259K, capacity 55130K, committed 55424K, reserved 1097728K
  class space    used 7173K, capacity 7552K, committed 7552K, reserved 1048576K
GC Heap History (10 events):
Event: 8.970 GC heap before
{Heap before GC invocations=9 (full 2):
 PSYoungGen      total 105472K, used 94720K [0x00000000e0000000, 0x00000000e9e00000, 0x0000000100000000)
  eden space 94720K, 100% used [0x00000000e0000000,0x00000000e5c80000,0x00000000e5c80000)
  from space 10752K, 0% used [0x00000000e6900000,0x00000000e6900000,0x00000000e7380000)
  to   space 12800K, 0% used [0x00000000e5c80000,0x00000000e5c80000,0x00000000e6900000)
 ParOldGen       total 151040K, used 18234K [0x00000000a0000000, 0x00000000a9380000, 0x00000000e0000000)
  object space 151040K, 12% used [0x00000000a0000000,0x00000000a11ce8f8,0x00000000a9380000)
 Metaspace       used 42253K, capacity 43040K, committed 43264K, reserved 1087488K
  class space    used 5648K, capacity 5859K, committed 5888K, reserved 1048576K
Event: 8.983 GC heap after
Heap after GC invocations=9 (full 2):
 PSYoungGen      total 107520K, used 9799K [0x00000000e0000000, 0x00000000e9200000, 0x0000000100000000)
  eden space 94720K, 0% used [0x00000000e0000000,0x00000000e0000000,0x00000000e5c80000)
  from space 12800K, 76% used [0x00000000e5c80000,0x00000000e6611cc0,0x00000000e6900000)
  to   space 12800K, 0% used [0x00000000e8580000,0x00000000e8580000,0x00000000e9200000)
 ParOldGen       total 151040K, used 18242K [0x00000000a0000000, 0x00000000a9380000, 0x00000000e0000000)
  object space 151040K, 12% used [0x00000000a0000000,0x00000000a11d08f8,0x00000000a9380000)
 Metaspace       used 42253K, capacity 43040K, committed 43264K, reserved 1087488K
  class space    used 5648K, capacity 5859K, committed 5888K, reserved 1048576K
}
Event: 10.325 GC heap before
{Heap before GC invocations=10 (full 2):
 PSYoungGen      total 107520K, used 104519K [0x00000000e0000000, 0x00000000e9200000, 0x0000000100000000)
  eden space 94720K, 100% used [0x00000000e0000000,0x00000000e5c80000,0x00000000e5c80000)
  from space 12800K, 76% used [0x00000000e5c80000,0x00000000e6611cc0,0x00000000e6900000)
  to   space 12800K, 0% used [0x00000000e8580000,0x00000000e8580000,0x00000000e9200000)
 ParOldGen       total 151040K, used 18242K [0x00000000a0000000, 0x00000000a9380000, 0x00000000e0000000)
  object space 151040K, 12% used [0x00000000a0000000,0x00000000a11d08f8,0x00000000a9380000)
 Metaspace       used 46905K, capacity 48314K, committed 48384K, reserved 1091584K
  class space    used 6361K, capacity 6654K, committed 6656K, reserved 1048576K
Event: 10.338 GC heap after
Heap after GC invocations=10 (full 2):
 PSYoungGen      total 134144K, used 12776K [0x00000000e0000000, 0x00000000e9700000, 0x0000000100000000)
  eden space 121344K, 0% used [0x00000000e0000000,0x00000000e0000000,0x00000000e7680000)
  from space 12800K, 99% used [0x00000000e8580000,0x00000000e91fa388,0x00000000e9200000)
  to   space 15360K, 0% used [0x00000000e7680000,0x00000000e7680000,0x00000000e8580000)
 ParOldGen       total 151040K, used 20892K [0x00000000a0000000, 0x00000000a9380000, 0x00000000e0000000)
  object space 151040K, 13% used [0x00000000a0000000,0x00000000a14671a8,0x00000000a9380000)
 Metaspace       used 46905K, capacity 48314K, committed 48384K, reserved 1091584K
  class space    used 6361K, capacity 6654K, committed 6656K, reserved 1048576K
}
Event: 14.748 GC heap before
{Heap before GC invocations=11 (full 2):
 PSYoungGen      total 134144K, used 133634K [0x00000000e0000000, 0x00000000e9700000, 0x0000000100000000)
  eden space 121344K, 99% used [0x00000000e0000000,0x00000000e7606708,0x00000000e7680000)
  from space 12800K, 99% used [0x00000000e8580000,0x00000000e91fa388,0x00000000e9200000)
  to   space 15360K, 0% used [0x00000000e7680000,0x00000000e7680000,0x00000000e8580000)
 ParOldGen       total 151040K, used 20892K [0x00000000a0000000, 0x00000000a9380000, 0x00000000e0000000)
  object space 151040K, 13% used [0x00000000a0000000,0x00000000a14671a8,0x00000000a9380000)
 Metaspace       used 51881K, capacity 53592K, committed 53760K, reserved 1095680K
  class space    used 7041K, capacity 7397K, committed 7424K, reserved 1048576K
Event: 14.772 GC heap after
Heap after GC invocations=11 (full 2):
 PSYoungGen      total 136704K, used 15343K [0x00000000e0000000, 0x00000000eaf80000, 0x0000000100000000)
  eden space 121344K, 0% used [0x00000000e0000000,0x00000000e0000000,0x00000000e7680000)
  from space 15360K, 99% used [0x00000000e7680000,0x00000000e857bc68,0x00000000e8580000)
  to   space 18944K, 0% used [0x00000000e9d00000,0x00000000e9d00000,0x00000000eaf80000)
 ParOldGen       total 151040K, used 25452K [0x00000000a0000000, 0x00000000a9380000, 0x00000000e0000000)
  object space 151040K, 16% used [0x00000000a0000000,0x00000000a18db3d0,0x00000000a9380000)
 Metaspace       used 51881K, capacity 53592K, committed 53760K, reserved 1095680K
  class space    used 7041K, capacity 7397K, committed 7424K, reserved 1048576K
}
Event: 14.805 GC heap before
{Heap before GC invocations=12 (full 2):
 PSYoungGen      total 136704K, used 135945K [0x00000000e0000000, 0x00000000eaf80000, 0x0000000100000000)
  eden space 121344K, 99% used [0x00000000e0000000,0x00000000e75c6b28,0x00000000e7680000)
  from space 15360K, 99% used [0x00000000e7680000,0x00000000e857bc68,0x00000000e8580000)
  to   space 18944K, 0% used [0x00000000e9d00000,0x00000000e9d00000,0x00000000eaf80000)
 ParOldGen       total 151040K, used 25452K [0x00000000a0000000, 0x00000000a9380000, 0x00000000e0000000)
  object space 151040K, 16% used [0x00000000a0000000,0x00000000a18db3d0,0x00000000a9380000)
 Metaspace       used 51886K, capacity 53592K, committed 53760K, reserved 1095680K
  class space    used 7041K, capacity 7397K, committed 7424K, reserved 1048576K
Event: 14.824 GC heap after
Heap after GC invocations=12 (full 2):
 PSYoungGen      total 140288K, used 15194K [0x00000000e0000000, 0x00000000eaf80000, 0x0000000100000000)
  eden space 121344K, 0% used [0x00000000e0000000,0x00000000e0000000,0x00000000e7680000)
  from space 18944K, 80% used [0x00000000e9d00000,0x00000000eabd6900,0x00000000eaf80000)
  to   space 15360K, 0% used [0x00000000e7680000,0x00000000e7680000,0x00000000e8580000)
 ParOldGen       total 151040K, used 25460K [0x00000000a0000000, 0x00000000a9380000, 0x00000000e0000000)
  object space 151040K, 16% used [0x00000000a0000000,0x00000000a18dd3d0,0x00000000a9380000)
 Metaspace       used 51886K, capacity 53592K, committed 53760K, reserved 1095680K
  class space    used 7041K, capacity 7397K, committed 7424K, reserved 1048576K
}
Event: 14.849 GC heap before
{Heap before GC invocations=13 (full 2):
 PSYoungGen      total 140288K, used 135718K [0x00000000e0000000, 0x00000000eaf80000, 0x0000000100000000)
  eden space 121344K, 99% used [0x00000000e0000000,0x00000000e75b32a0,0x00000000e7680000)
  from space 18944K, 80% used [0x00000000e9d00000,0x00000000eabd6900,0x00000000eaf80000)
  to   space 15360K, 0% used [0x00000000e7680000,0x00000000e7680000,0x00000000e8580000)
 ParOldGen       total 151040K, used 25460K [0x00000000a0000000, 0x00000000a9380000, 0x00000000e0000000)
  object space 151040K, 16% used [0x00000000a0000000,0x00000000a18dd3d0,0x00000000a9380000)
 Metaspace       used 51893K, capacity 53592K, committed 53760K, reserved 1095680K
  class space    used 7041K, capacity 7397K, committed 7424K, reserved 1048576K
Event: 14.864 GC heap after
Heap after GC invocations=13 (full 2):
 PSYoungGen      total 136704K, used 15056K [0x00000000e0000000, 0x00000000eaf80000, 0x0000000100000000)
  eden space 121344K, 0% used [0x00000000e0000000,0x00000000e0000000,0x00000000e7680000)
  from space 15360K, 98% used [0x00000000e7680000,0x00000000e85342a8,0x00000000e8580000)
  to   space 18944K, 0% used [0x00000000e9d00000,0x00000000e9d00000,0x00000000eaf80000)
 ParOldGen       total 151040K, used 25468K [0x00000000a0000000, 0x00000000a9380000, 0x00000000e0000000)
  object space 151040K, 16% used [0x00000000a0000000,0x00000000a18df3d0,0x00000000a9380000)
 Metaspace       used 51893K, capacity 53592K, committed 53760K, reserved 1095680K
  class space    used 7041K, capacity 7397K, committed 7424K, reserved 1048576K
}

